INFO 10 Quartz.Impl.StdSchedulerFactory - Using object serializer: Quartz.Simpl.BinaryObjectSerializer, Quartz
DEBUG 10 Quartz.Simpl.TaskSchedulingThreadPool - TaskSchedulingThreadPool configured with max concurrency of 10 and TaskScheduler ThreadPoolTaskScheduler.
INFO 10 Quartz.Core.SchedulerSignalerImpl - Initialized Scheduler Signaller of type: Quartz.Core.SchedulerSignalerImpl
INFO 10 Quartz.Core.QuartzScheduler - Quartz Scheduler v.3.0.6.0 created.
INFO 10 Quartz.Simpl.RAMJobStore - RAMJobStore initialized.
INFO 10 Quartz.Core.QuartzScheduler - Scheduler meta-data: Quartz Scheduler (v3.0.6.0) 'QuartzScheduler' with instanceId 'NON_CLUSTERED'
  Scheduler class: 'Quartz.Core.QuartzScheduler' - running locally.
  NOT STARTED.
  Currently in standby mode.
  Number of jobs executed: 0
  Using thread pool 'Quartz.Simpl.DefaultThreadPool' - with 10 threads.
  Using job-store 'Quartz.Simpl.RAMJobStore' - which does not support persistence. and is not clustered.

INFO 10 Quartz.Impl.StdSchedulerFactory - Quartz scheduler 'QuartzScheduler' initialized
INFO 10 Quartz.Impl.StdSchedulerFactory - Quartz scheduler version: 3.0.6.0
INFO 10 Quartz.Core.QuartzScheduler - Scheduler QuartzScheduler_$_NON_CLUSTERED started.
DEBUG 7 Quartz.Core.QuartzSchedulerThread - Batch acquisition of 0 triggers
DEBUG 7 Quartz.Core.QuartzSchedulerThread - Batch acquisition of 1 triggers
INFO 10 RssMatchRecorder.Service.Quartz.QuartzJobs - The quartz job has been set up sucessfully.
DEBUG 7 Quartz.Simpl.SimpleJobFactory - Producing instance of Job 'MatchRecorderJobsGroup.MatchRecorderJob', class=RssMatchRecorder.Service.Quartz.MatchRecorderJob
DEBUG 7 Quartz.Core.QuartzSchedulerThread - Batch acquisition of 0 triggers
DEBUG 11 Quartz.Core.JobRunShell - Calling Execute on job MatchRecorderJobsGroup.MatchRecorderJob
DEBUG 7 Quartz.Core.QuartzSchedulerThread - Batch acquisition of 0 triggers
INFO 10 Quartz.Impl.StdSchedulerFactory - Using object serializer: Quartz.Simpl.BinaryObjectSerializer, Quartz
INFO 10 Quartz.Core.SchedulerSignalerImpl - Initialized Scheduler Signaller of type: Quartz.Core.SchedulerSignalerImpl
INFO 10 Quartz.Core.QuartzScheduler - Quartz Scheduler v.3.0.6.0 created.
INFO 10 Quartz.Simpl.RAMJobStore - RAMJobStore initialized.
INFO 10 Quartz.Core.QuartzScheduler - Scheduler meta-data: Quartz Scheduler (v3.0.6.0) 'QuartzScheduler' with instanceId 'NON_CLUSTERED'
  Scheduler class: 'Quartz.Core.QuartzScheduler' - running locally.
  NOT STARTED.
  Currently in standby mode.
  Number of jobs executed: 0
  Using thread pool 'Quartz.Simpl.DefaultThreadPool' - with 10 threads.
  Using job-store 'Quartz.Simpl.RAMJobStore' - which does not support persistence. and is not clustered.

INFO 10 Quartz.Impl.StdSchedulerFactory - Quartz scheduler 'QuartzScheduler' initialized
INFO 10 Quartz.Impl.StdSchedulerFactory - Quartz scheduler version: 3.0.6.0
INFO 10 Quartz.Core.QuartzScheduler - Scheduler QuartzScheduler_$_NON_CLUSTERED started.
INFO 10 RssMatchRecorder.Service.Quartz.QuartzJobs - The quartz job has been set up sucessfully.
